Snake Xenzia/Library/Bee/Android/Prj/Mono2x/Gradle/launcher/build/intermediates/manifest_merge_blame_file/release/manifest-merger-blame-release-report.txt
1<?xml version="1.0" encoding="utf-8"?>
2<manifest xmlns:android="http://schemas.android.com/apk/res/android"
3    package="com.DefaultCompany.SnakeXenzia"
4    android:installLocation="preferExternal"
5    android:versionCode="1"
6    android:versionName="0.1" >
7
8    <uses-sdk
9        android:minSdkVersion="22"
9-->src\main\AndroidManifest.xml
10        android:targetSdkVersion="34" />
10-->src\main\AndroidManifest.xml
11
12    <supports-screens
12-->src\main\AndroidManifest.xml:3:3-163
13        android:anyDensity="true"
13-->src\main\AndroidManifest.xml:3:135-160
14        android:largeScreens="true"
14-->src\main\AndroidManifest.xml:3:78-105
15        android:normalScreens="true"
15-->src\main\AndroidManifest.xml:3:49-77
16        android:smallScreens="true"
16-->src\main\AndroidManifest.xml:3:21-48
17        android:xlargeScreens="true" />
17-->src\main\AndroidManifest.xml:3:106-134
18
19    <uses-feature android:glEsVersion="0x00030000" />
19-->[:unityLibrary] AndroidManifest.xml:10:5-54
19-->[:unityLibrary] AndroidManifest.xml:10:19-51
20    <uses-feature
20-->[:unityLibrary] AndroidManifest.xml:11:5-13:36
21        android:name="android.hardware.vulkan.version"
21-->[:unityLibrary] AndroidManifest.xml:12:9-55
22        android:required="false" />
22-->[:unityLibrary] AndroidManifest.xml:13:9-33
23    <uses-feature
23-->[:unityLibrary] AndroidManifest.xml:14:5-16:36
24        android:name="android.hardware.touchscreen"
24-->[:unityLibrary] AndroidManifest.xml:15:9-52
25        android:required="false" />
25-->[:unityLibrary] AndroidManifest.xml:16:9-33
26    <uses-feature
26-->[:unityLibrary] AndroidManifest.xml:17:5-19:36
27        android:name="android.hardware.touchscreen.multitouch"
27-->[:unityLibrary] AndroidManifest.xml:18:9-63
28        android:required="false" />
28-->[:unityLibrary] AndroidManifest.xml:19:9-33
29    <uses-feature
29-->[:unityLibrary] AndroidManifest.xml:20:5-22:36
30        android:name="android.hardware.touchscreen.multitouch.distinct"
30-->[:unityLibrary] AndroidManifest.xml:21:9-72
31        android:required="false" />
31-->[:unityLibrary] AndroidManifest.xml:22:9-33
32
33    <application
33-->src\main\AndroidManifest.xml:4:3-83
34        android:extractNativeLibs="true"
34-->[:unityLibrary] AndroidManifest.xml:24:18-50
35        android:icon="@mipmap/app_icon"
35-->src\main\AndroidManifest.xml:4:49-80
36        android:label="@string/app_name" >
36-->src\main\AndroidManifest.xml:4:16-48
37        <activity
37-->[:unityLibrary] AndroidManifest.xml:25:9-52:20
38            android:name="com.unity3d.player.UnityPlayerActivity"
38-->[:unityLibrary] AndroidManifest.xml:26:13-66
39            android:configChanges="mcc|mnc|locale|touchscreen|keyboard|keyboardHidden|navigation|orientation|screenLayout|uiMode|screenSize|smallestScreenSize|fontScale|layoutDirection|density"
39-->[:unityLibrary] AndroidManifest.xml:27:13-194
40            android:exported="true"
40-->[:unityLibrary] AndroidManifest.xml:28:13-36
41            android:hardwareAccelerated="false"
41-->[:unityLibrary] AndroidManifest.xml:29:13-48
42            android:launchMode="singleTask"
42-->[:unityLibrary] AndroidManifest.xml:30:13-44
43            android:resizeableActivity="true"
43-->[:unityLibrary] AndroidManifest.xml:31:13-46
44            android:screenOrientation="reverseLandscape"
44-->[:unityLibrary] AndroidManifest.xml:32:13-57
45            android:theme="@style/UnityThemeSelector" >
45-->[:unityLibrary] AndroidManifest.xml:33:13-54
46            <intent-filter>
46-->[:unityLibrary] AndroidManifest.xml:34:13-38:29
47                <action android:name="android.intent.action.MAIN" />
47-->[:unityLibrary] AndroidManifest.xml:35:17-69
47-->[:unityLibrary] AndroidManifest.xml:35:25-66
48
49                <category android:name="android.intent.category.LAUNCHER" />
49-->[:unityLibrary] AndroidManifest.xml:37:17-77
49-->[:unityLibrary] AndroidManifest.xml:37:27-74
50            </intent-filter>
51
52            <meta-data
52-->[:unityLibrary] AndroidManifest.xml:40:13-42:40
53                android:name="unityplayer.UnityActivity"
53-->[:unityLibrary] AndroidManifest.xml:41:17-57
54                android:value="true" />
54-->[:unityLibrary] AndroidManifest.xml:42:17-37
55            <meta-data
55-->[:unityLibrary] AndroidManifest.xml:43:13-45:71
56                android:name="WindowManagerPreference:FreeformWindowSize"
56-->[:unityLibrary] AndroidManifest.xml:44:17-74
57                android:value="@string/FreeformWindowSize_maximize" />
57-->[:unityLibrary] AndroidManifest.xml:45:17-68
58            <meta-data
58-->[:unityLibrary] AndroidManifest.xml:46:13-48:79
59                android:name="WindowManagerPreference:FreeformWindowOrientation"
59-->[:unityLibrary] AndroidManifest.xml:47:17-81
60                android:value="@string/FreeformWindowOrientation_landscape" />
60-->[:unityLibrary] AndroidManifest.xml:48:17-76
61            <meta-data
61-->[:unityLibrary] AndroidManifest.xml:49:13-51:40
62                android:name="android.notch_support"
62-->[:unityLibrary] AndroidManifest.xml:50:17-53
63                android:value="true" />
63-->[:unityLibrary] AndroidManifest.xml:51:17-37
64        </activity>
65
66        <meta-data
66-->[:unityLibrary] AndroidManifest.xml:54:9-56:33
67            android:name="unity.splash-mode"
67-->[:unityLibrary] AndroidManifest.xml:55:13-45
68            android:value="0" />
68-->[:unityLibrary] AndroidManifest.xml:56:13-30
69        <meta-data
69-->[:unityLibrary] AndroidManifest.xml:57:9-59:36
70            android:name="unity.splash-enable"
70-->[:unityLibrary] AndroidManifest.xml:58:13-47
71            android:value="True" />
71-->[:unityLibrary] AndroidManifest.xml:59:13-33
72        <meta-data
72-->[:unityLibrary] AndroidManifest.xml:60:9-62:36
73            android:name="unity.launch-fullscreen"
73-->[:unityLibrary] AndroidManifest.xml:61:13-51
74            android:value="True" />
74-->[:unityLibrary] AndroidManifest.xml:62:13-33
75        <meta-data
75-->[:unityLibrary] AndroidManifest.xml:63:9-65:50
76            android:name="notch.config"
76-->[:unityLibrary] AndroidManifest.xml:64:13-40
77            android:value="portrait|landscape" />
77-->[:unityLibrary] AndroidManifest.xml:65:13-47
78        <meta-data
78-->[:unityLibrary] AndroidManifest.xml:66:9-68:36
79            android:name="unity.auto-report-fully-drawn"
79-->[:unityLibrary] AndroidManifest.xml:67:13-57
80            android:value="true" />
80-->[:unityLibrary] AndroidManifest.xml:68:13-33
81    </application>
82
83</manifest>